<?xml version="1.0" encoding="utf-8"?><testsuites name="pytest tests"><testsuite name="pytest" errors="0" failures="0" skipped="0" tests="24" time="128.335" timestamp="2026-01-15T20:47:44.121561+00:00" hostname="agent-env-2603ced6-17ee-456a-b9a1-14b2d807f98f"><testcase classname="tests.test_coldiq_expansion.TestAuthAndSetup" name="test_health_check" time="0.076" /><testcase classname="tests.test_coldiq_expansion.TestAuthAndSetup" name="test_login_free_user" time="0.234" /><testcase classname="tests.test_coldiq_expansion.TestAuthAndSetup" name="test_login_starter_user" time="0.235" /><testcase classname="tests.test_coldiq_expansion.TestAuthAndSetup" name="test_login_pro_user" time="0.234" /><testcase classname="tests.test_coldiq_expansion.TestServerSideAnalysis" name="test_analysis_returns_readability_score" time="19.000" /><testcase classname="tests.test_coldiq_expansion.TestServerSideAnalysis" name="test_analysis_returns_spam_keywords" time="16.895" /><testcase classname="tests.test_coldiq_expansion.TestServerSideAnalysis" name="test_analysis_returns_subject_line_analysis" time="18.172" /><testcase classname="tests.test_coldiq_expansion.TestServerSideAnalysis" name="test_analysis_returns_cta_analysis" time="19.187" /><testcase classname="tests.test_coldiq_expansion.TestServerSideAnalysis" name="test_analysis_returns_fix_suggestions" time="20.378" /><testcase classname="tests.test_coldiq_expansion.TestServerSideAnalysis" name="test_analysis_returns_inbox_placement_score" time="16.547" /><testcase classname="tests.test_coldiq_expansion.TestSequenceAnalysis" name="test_sequence_analysis_blocked_for_free" time="0.335" /><testcase classname="tests.test_coldiq_expansion.TestSequenceAnalysis" name="test_sequence_analysis_blocked_for_starter" time="0.318" /><testcase classname="tests.test_coldiq_expansion.TestSequenceAnalysis" name="test_sequence_analysis_works_for_pro" time="14.987" /><testcase classname="tests.test_coldiq_expansion.TestSequenceAnalysis" name="test_sequence_requires_minimum_2_emails" time="0.062" /><testcase classname="tests.test_coldiq_expansion.TestSequenceAnalysis" name="test_sequence_max_5_emails" time="0.040" /><testcase classname="tests.test_coldiq_expansion.TestContactForm" name="test_contact_form_submission" time="0.039" /><testcase classname="tests.test_coldiq_expansion.TestContactForm" name="test_contact_form_requires_name" time="0.009" /><testcase classname="tests.test_coldiq_expansion.TestContactForm" name="test_contact_form_requires_email" time="0.050" /><testcase classname="tests.test_coldiq_expansion.TestContactForm" name="test_contact_form_requires_company" time="0.012" /><testcase classname="tests.test_coldiq_expansion.TestPerformanceTracking" name="test_analysis_history_accessible" time="0.308" /><testcase classname="tests.test_coldiq_expansion.TestPerformanceTracking" name="test_insights_dashboard_for_pro" time="0.037" /><testcase classname="tests.test_coldiq_expansion.TestTierFeatures" name="test_free_user_features" time="0.338" /><testcase classname="tests.test_coldiq_expansion.TestTierFeatures" name="test_starter_user_features" time="0.336" /><testcase classname="tests.test_coldiq_expansion.TestTierFeatures" name="test_pro_user_features" time="0.348" /></testsuite></testsuites>