<?xml version="1.0" encoding="utf-8"?><testsuites name="pytest tests"><testsuite name="pytest" errors="0" failures="0" skipped="0" tests="9" time="2.023" timestamp="2026-01-15T06:47:47.705805+00:00" hostname="agent-env-2603ced6-17ee-456a-b9a1-14b2d807f98f"><testcase classname="tests.test_phone_verification.TestPhoneVerificationEndpoints" name="test_send_otp_without_auth" time="0.289" /><testcase classname="tests.test_phone_verification.TestPhoneVerificationEndpoints" name="test_send_otp_invalid_phone" time="0.037" /><testcase classname="tests.test_phone_verification.TestPhoneVerificationEndpoints" name="test_verify_otp_without_auth" time="0.033" /><testcase classname="tests.test_phone_verification.TestPhoneVerificationEndpoints" name="test_check_phone_availability" time="0.038" /><testcase classname="tests.test_phone_verification.TestPhoneVerificationEndpoints" name="test_full_signup_and_phone_verification_flow" time="1.041" /><testcase classname="tests.test_phone_verification.TestPhoneVerificationEndpoints" name="test_rate_limiting" time="0.292" /><testcase classname="tests.test_phone_verification.TestPolicyPages" name="test_terms_page_accessible" time="0.062" /><testcase classname="tests.test_phone_verification.TestPolicyPages" name="test_privacy_page_accessible" time="0.058" /><testcase classname="tests.test_phone_verification.TestPolicyPages" name="test_sms_opt_in_page_accessible" time="0.062" /></testsuite></testsuites>