<?xml version="1.0" encoding="utf-8"?><testsuites name="pytest tests"><testsuite name="pytest" errors="0" failures="0" skipped="0" tests="8" time="4.251" timestamp="2026-01-15T07:22:22.106949+00:00" hostname="agent-env-2603ced6-17ee-456a-b9a1-14b2d807f98f"><testcase classname="tests.test_pricing_tiers.TestHealthAndBasicEndpoints" name="test_health_endpoint" time="0.103" /><testcase classname="tests.test_pricing_tiers.TestTierConfiguration" name="test_free_tier_features" time="0.304" /><testcase classname="tests.test_pricing_tiers.TestTierConfiguration" name="test_pro_user_features" time="0.304" /><testcase classname="tests.test_pricing_tiers.TestBillingEndpoints" name="test_checkout_session_starter_monthly" time="0.818" /><testcase classname="tests.test_pricing_tiers.TestBillingEndpoints" name="test_checkout_session_pro_annual" time="1.657" /><testcase classname="tests.test_pricing_tiers.TestBillingEndpoints" name="test_checkout_session_growth_agency_monthly" time="0.676" /><testcase classname="tests.test_pricing_tiers.TestBillingEndpoints" name="test_checkout_requires_auth" time="0.032" /><testcase classname="tests.test_pricing_tiers.TestStarterTierFeatures" name="test_starter_tier_features" time="0.293" /></testsuite></testsuites>