<?xml version="1.0" encoding="utf-8"?><testsuites name="pytest tests"><testsuite name="pytest" errors="0" failures="0" skipped="0" tests="23" time="6.570" timestamp="2026-01-15T05:43:19.457067+00:00" hostname="agent-env-4bbef7f3-2775-4a07-a903-9d7d288946dd"><testcase classname="tests.test_coldiq_tiers.TestHealthAndAuth" name="test_api_health" time="0.070" /><testcase classname="tests.test_coldiq_tiers.TestHealthAndAuth" name="test_login_free_tier" time="0.263" /><testcase classname="tests.test_coldiq_tiers.TestHealthAndAuth" name="test_login_starter_tier" time="0.261" /><testcase classname="tests.test_coldiq_tiers.TestHealthAndAuth" name="test_login_pro_tier" time="0.266" /><testcase classname="tests.test_coldiq_tiers.TestHealthAndAuth" name="test_login_agency_tier" time="0.262" /><testcase classname="tests.test_coldiq_tiers.TestFreeTierFeatures" name="test_free_tier_usage_limit" time="0.301" /><testcase classname="tests.test_coldiq_tiers.TestFreeTierFeatures" name="test_free_tier_insights_locked" time="0.300" /><testcase classname="tests.test_coldiq_tiers.TestFreeTierFeatures" name="test_free_tier_templates_locked" time="0.299" /><testcase classname="tests.test_coldiq_tiers.TestFreeTierFeatures" name="test_free_tier_csv_export_forbidden" time="0.294" /><testcase classname="tests.test_coldiq_tiers.TestStarterTierFeatures" name="test_starter_tier_usage_limit" time="0.299" /><testcase classname="tests.test_coldiq_tiers.TestStarterTierFeatures" name="test_starter_tier_insights_available" time="0.301" /><testcase classname="tests.test_coldiq_tiers.TestStarterTierFeatures" name="test_starter_tier_templates_locked" time="0.294" /><testcase classname="tests.test_coldiq_tiers.TestProTierFeatures" name="test_pro_tier_unlimited_analyses" time="0.295" /><testcase classname="tests.test_coldiq_tiers.TestProTierFeatures" name="test_pro_tier_insights_with_advanced" time="0.293" /><testcase classname="tests.test_coldiq_tiers.TestProTierFeatures" name="test_pro_tier_templates_available" time="0.337" /><testcase classname="tests.test_coldiq_tiers.TestProTierFeatures" name="test_pro_tier_csv_export_allowed" time="0.297" /><testcase classname="tests.test_coldiq_tiers.TestProTierFeatures" name="test_pro_tier_team_forbidden" time="0.334" /><testcase classname="tests.test_coldiq_tiers.TestAgencyTierFeatures" name="test_agency_tier_unlimited_analyses" time="0.325" /><testcase classname="tests.test_coldiq_tiers.TestAgencyTierFeatures" name="test_agency_tier_templates_available" time="0.311" /><testcase classname="tests.test_coldiq_tiers.TestAgencyTierFeatures" name="test_agency_tier_team_access" time="0.307" /><testcase classname="tests.test_coldiq_tiers.TestAgencyTierFeatures" name="test_agency_tier_team_analytics" time="0.328" /><testcase classname="tests.test_coldiq_tiers.TestAgencyTierFeatures" name="test_agency_tier_api_keys_access" time="0.358" /><testcase classname="tests.test_coldiq_tiers.TestBillingPrices" name="test_get_prices" time="0.046" /></testsuite></testsuites>